{"/Users/ivanvasquez/Desktop/React/React Projects/PERN-ADMINISTRAR-PRODUCTOS/PERN_BACKEND/src/app.ts": {"path":"/Users/ivanvasquez/Desktop/React/React Projects/PERN-ADMINISTRAR-PRODUCTOS/PERN_BACKEND/src/app.ts","all":false,"statementMap":{"0":{"start":{"line":1,"column":0},"end":{"line":1,"column":36}},"1":{"start":{"line":2,"column":0},"end":{"line":2,"column":52}},"2":{"start":{"line":3,"column":0},"end":{"line":3,"column":49}},"3":{"start":{"line":4,"column":0},"end":{"line":4,"column":46}},"4":{"start":{"line":5,"column":0},"end":{"line":5,"column":0}},"5":{"start":{"line":6,"column":0},"end":{"line":6,"column":8}},"6":{"start":{"line":7,"column":0},"end":{"line":7,"column":10}},"7":{"start":{"line":8,"column":0},"end":{"line":8,"column":4}},"8":{"start":{"line":9,"column":0},"end":{"line":9,"column":0}},"9":{"start":{"line":10,"column":0},"end":{"line":10,"column":24}},"10":{"start":{"line":11,"column":0},"end":{"line":11,"column":9}},"11":{"start":{"line":12,"column":0},"end":{"line":12,"column":76}},"12":{"start":{"line":13,"column":0},"end":{"line":13,"column":42}},"13":{"start":{"line":14,"column":0},"end":{"line":14,"column":34}},"14":{"start":{"line":15,"column":0},"end":{"line":15,"column":22}},"15":{"start":{"line":16,"column":0},"end":{"line":16,"column":28}},"16":{"start":{"line":17,"column":0},"end":{"line":17,"column":9}},"17":{"start":{"line":18,"column":0},"end":{"line":18,"column":22}},"18":{"start":{"line":19,"column":0},"end":{"line":19,"column":21}},"19":{"start":{"line":20,"column":0},"end":{"line":20,"column":61}},"20":{"start":{"line":21,"column":0},"end":{"line":21,"column":51}},"21":{"start":{"line":22,"column":0},"end":{"line":22,"column":5}},"22":{"start":{"line":23,"column":0},"end":{"line":23,"column":1}}},"s":{"0":1,"1":1,"2":1,"3":1,"4":1,"5":1,"6":1,"7":1,"8":1,"9":1,"10":1,"11":1,"12":1,"13":1,"14":1,"15":1,"16":1,"17":1,"18":1,"19":0,"20":0,"21":0,"22":1},"branchMap":{"0":{"type":"branch","line":6,"loc":{"start":{"line":6,"column":1},"end":{"line":8,"column":2}},"locations":[{"start":{"line":6,"column":1},"end":{"line":8,"column":2}}]},"1":{"type":"branch","line":10,"loc":{"start":{"line":10,"column":0},"end":{"line":23,"column":1}},"locations":[{"start":{"line":10,"column":0},"end":{"line":23,"column":1}}]},"2":{"type":"branch","line":19,"loc":{"start":{"line":19,"column":6},"end":{"line":22,"column":5}},"locations":[{"start":{"line":19,"column":6},"end":{"line":22,"column":5}}]}},"b":{"0":[1],"1":[1],"2":[0]},"fnMap":{"0":{"name":"main","decl":{"start":{"line":10,"column":0},"end":{"line":23,"column":1}},"loc":{"start":{"line":10,"column":0},"end":{"line":23,"column":1}},"line":10}},"f":{"0":1}}
,"/Users/ivanvasquez/Desktop/React/React Projects/PERN-ADMINISTRAR-PRODUCTOS/PERN_BACKEND/src/config/colors-adapter.ts": {"path":"/Users/ivanvasquez/Desktop/React/React Projects/PERN-ADMINISTRAR-PRODUCTOS/PERN_BACKEND/src/config/colors-adapter.ts","all":false,"statementMap":{"0":{"start":{"line":1,"column":0},"end":{"line":1,"column":27}},"1":{"start":{"line":2,"column":0},"end":{"line":2,"column":28}},"2":{"start":{"line":3,"column":0},"end":{"line":3,"column":43}},"3":{"start":{"line":4,"column":0},"end":{"line":4,"column":44}},"4":{"start":{"line":5,"column":0},"end":{"line":5,"column":5}},"5":{"start":{"line":6,"column":0},"end":{"line":6,"column":39}},"6":{"start":{"line":7,"column":0},"end":{"line":7,"column":40}},"7":{"start":{"line":8,"column":0},"end":{"line":8,"column":5}},"8":{"start":{"line":9,"column":0},"end":{"line":9,"column":43}},"9":{"start":{"line":10,"column":0},"end":{"line":10,"column":44}},"10":{"start":{"line":11,"column":0},"end":{"line":11,"column":5}},"11":{"start":{"line":12,"column":0},"end":{"line":12,"column":40}},"12":{"start":{"line":13,"column":0},"end":{"line":13,"column":41}},"13":{"start":{"line":14,"column":0},"end":{"line":14,"column":5}},"14":{"start":{"line":15,"column":0},"end":{"line":15,"column":41}},"15":{"start":{"line":16,"column":0},"end":{"line":16,"column":42}},"16":{"start":{"line":17,"column":0},"end":{"line":17,"column":5}},"17":{"start":{"line":18,"column":0},"end":{"line":18,"column":1}}},"s":{"0":1,"1":1,"2":1,"3":1,"4":1,"5":1,"6":0,"7":0,"8":1,"9":0,"10":0,"11":1,"12":1,"13":1,"14":1,"15":0,"16":0,"17":1},"branchMap":{"0":{"type":"branch","line":3,"loc":{"start":{"line":3,"column":21},"end":{"line":5,"column":5}},"locations":[{"start":{"line":3,"column":21},"end":{"line":5,"column":5}}]},"1":{"type":"branch","line":12,"loc":{"start":{"line":12,"column":18},"end":{"line":14,"column":5}},"locations":[{"start":{"line":12,"column":18},"end":{"line":14,"column":5}}]}},"b":{"0":[1],"1":[1]},"fnMap":{"0":{"name":"Object.<anonymous>.ColorsAdapter.magenta","decl":{"start":{"line":3,"column":21},"end":{"line":5,"column":5}},"loc":{"start":{"line":3,"column":21},"end":{"line":5,"column":5}},"line":3},"1":{"name":"Object.<anonymous>.ColorsAdapter.red","decl":{"start":{"line":6,"column":17},"end":{"line":8,"column":5}},"loc":{"start":{"line":6,"column":17},"end":{"line":8,"column":5}},"line":6},"2":{"name":"Object.<anonymous>.ColorsAdapter.rainbow","decl":{"start":{"line":9,"column":21},"end":{"line":11,"column":5}},"loc":{"start":{"line":9,"column":21},"end":{"line":11,"column":5}},"line":9},"3":{"name":"Object.<anonymous>.ColorsAdapter.cyan","decl":{"start":{"line":12,"column":18},"end":{"line":14,"column":5}},"loc":{"start":{"line":12,"column":18},"end":{"line":14,"column":5}},"line":12},"4":{"name":"Object.<anonymous>.ColorsAdapter.green","decl":{"start":{"line":15,"column":19},"end":{"line":17,"column":5}},"loc":{"start":{"line":15,"column":19},"end":{"line":17,"column":5}},"line":15}},"f":{"0":1,"1":0,"2":0,"3":1,"4":0}}
,"/Users/ivanvasquez/Desktop/React/React Projects/PERN-ADMINISTRAR-PRODUCTOS/PERN_BACKEND/src/config/envs.ts": {"path":"/Users/ivanvasquez/Desktop/React/React Projects/PERN-ADMINISTRAR-PRODUCTOS/PERN_BACKEND/src/config/envs.ts","all":false,"statementMap":{"0":{"start":{"line":1,"column":0},"end":{"line":1,"column":22}},"1":{"start":{"line":2,"column":0},"end":{"line":2,"column":31}},"2":{"start":{"line":3,"column":0},"end":{"line":3,"column":0}},"3":{"start":{"line":4,"column":0},"end":{"line":4,"column":21}},"4":{"start":{"line":5,"column":0},"end":{"line":5,"column":52}},"5":{"start":{"line":6,"column":0},"end":{"line":6,"column":64}},"6":{"start":{"line":7,"column":0},"end":{"line":7,"column":1}}},"s":{"0":1,"1":1,"2":1,"3":1,"4":1,"5":1,"6":1},"branchMap":{},"b":{},"fnMap":{},"f":{}}
,"/Users/ivanvasquez/Desktop/React/React Projects/PERN-ADMINISTRAR-PRODUCTOS/PERN_BACKEND/src/config/express-validator-adapter.ts": {"path":"/Users/ivanvasquez/Desktop/React/React Projects/PERN-ADMINISTRAR-PRODUCTOS/PERN_BACKEND/src/config/express-validator-adapter.ts","all":false,"statementMap":{"0":{"start":{"line":1,"column":0},"end":{"line":1,"column":34}},"1":{"start":{"line":2,"column":0},"end":{"line":2,"column":73}},"2":{"start":{"line":3,"column":0},"end":{"line":3,"column":0}},"3":{"start":{"line":4,"column":0},"end":{"line":4,"column":38}},"4":{"start":{"line":5,"column":0},"end":{"line":5,"column":0}},"5":{"start":{"line":6,"column":0},"end":{"line":6,"column":48}},"6":{"start":{"line":7,"column":0},"end":{"line":7,"column":91}},"7":{"start":{"line":8,"column":0},"end":{"line":8,"column":6}},"8":{"start":{"line":9,"column":0},"end":{"line":9,"column":0}},"9":{"start":{"line":10,"column":0},"end":{"line":10,"column":48}},"10":{"start":{"line":11,"column":0},"end":{"line":11,"column":26}},"11":{"start":{"line":12,"column":0},"end":{"line":12,"column":76}},"12":{"start":{"line":13,"column":0},"end":{"line":13,"column":77}},"13":{"start":{"line":14,"column":0},"end":{"line":14,"column":93}},"14":{"start":{"line":15,"column":0},"end":{"line":15,"column":5}},"15":{"start":{"line":16,"column":0},"end":{"line":16,"column":49}},"16":{"start":{"line":17,"column":0},"end":{"line":17,"column":26}},"17":{"start":{"line":18,"column":0},"end":{"line":18,"column":77}},"18":{"start":{"line":19,"column":0},"end":{"line":19,"column":5}},"19":{"start":{"line":20,"column":0},"end":{"line":20,"column":34}},"20":{"start":{"line":21,"column":0},"end":{"line":21,"column":62}},"21":{"start":{"line":22,"column":0},"end":{"line":22,"column":5}},"22":{"start":{"line":23,"column":0},"end":{"line":23,"column":0}},"23":{"start":{"line":24,"column":0},"end":{"line":24,"column":39}},"24":{"start":{"line":25,"column":0},"end":{"line":25,"column":37}},"25":{"start":{"line":26,"column":0},"end":{"line":26,"column":5}},"26":{"start":{"line":27,"column":0},"end":{"line":27,"column":1}}},"s":{"0":1,"1":1,"2":1,"3":1,"4":1,"5":1,"6":4,"7":4,"8":1,"9":1,"10":4,"11":4,"12":4,"13":4,"14":4,"15":1,"16":2,"17":2,"18":2,"19":1,"20":8,"21":8,"22":1,"23":1,"24":20,"25":20,"26":1},"branchMap":{"0":{"type":"branch","line":6,"loc":{"start":{"line":6,"column":28},"end":{"line":8,"column":6}},"locations":[{"start":{"line":6,"column":28},"end":{"line":8,"column":6}}]},"1":{"type":"branch","line":10,"loc":{"start":{"line":10,"column":28},"end":{"line":15,"column":5}},"locations":[{"start":{"line":10,"column":28},"end":{"line":15,"column":5}}]},"2":{"type":"branch","line":14,"loc":{"start":{"line":14,"column":20},"end":{"line":14,"column":40}},"locations":[{"start":{"line":14,"column":20},"end":{"line":14,"column":40}}]},"3":{"type":"branch","line":16,"loc":{"start":{"line":16,"column":29},"end":{"line":19,"column":5}},"locations":[{"start":{"line":16,"column":29},"end":{"line":19,"column":5}}]},"4":{"type":"branch","line":20,"loc":{"start":{"line":20,"column":27},"end":{"line":22,"column":5}},"locations":[{"start":{"line":20,"column":27},"end":{"line":22,"column":5}}]},"5":{"type":"branch","line":24,"loc":{"start":{"line":24,"column":20},"end":{"line":26,"column":5}},"locations":[{"start":{"line":24,"column":20},"end":{"line":26,"column":5}}]}},"b":{"0":[4],"1":[4],"2":[11],"3":[2],"4":[8],"5":[20]},"fnMap":{"0":{"name":"Object.<anonymous>.ExpressValidatorAdapter.validateString","decl":{"start":{"line":6,"column":28},"end":{"line":8,"column":6}},"loc":{"start":{"line":6,"column":28},"end":{"line":8,"column":6}},"line":6},"1":{"name":"Object.<anonymous>.ExpressValidatorAdapter.validateNumber","decl":{"start":{"line":10,"column":28},"end":{"line":15,"column":5}},"loc":{"start":{"line":10,"column":28},"end":{"line":15,"column":5}},"line":10},"2":{"name":"Object.<anonymous>.ExpressValidatorAdapter.validateBoolean","decl":{"start":{"line":16,"column":29},"end":{"line":19,"column":5}},"loc":{"start":{"line":16,"column":29},"end":{"line":19,"column":5}},"line":16},"3":{"name":"Object.<anonymous>.ExpressValidatorAdapter.validateParam","decl":{"start":{"line":20,"column":27},"end":{"line":22,"column":5}},"loc":{"start":{"line":20,"column":27},"end":{"line":22,"column":5}},"line":20},"4":{"name":"Object.<anonymous>.ExpressValidatorAdapter.Result","decl":{"start":{"line":24,"column":20},"end":{"line":26,"column":5}},"loc":{"start":{"line":24,"column":20},"end":{"line":26,"column":5}},"line":24}},"f":{"0":4,"1":4,"2":2,"3":8,"4":20}}
,"/Users/ivanvasquez/Desktop/React/React Projects/PERN-ADMINISTRAR-PRODUCTOS/PERN_BACKEND/src/data/postgres/index.ts": {"path":"/Users/ivanvasquez/Desktop/React/React Projects/PERN-ADMINISTRAR-PRODUCTOS/PERN_BACKEND/src/data/postgres/index.ts","all":false,"statementMap":{"0":{"start":{"line":1,"column":0},"end":{"line":1,"column":22}}},"s":{"0":1},"branchMap":{},"b":{},"fnMap":{},"f":{}}
,"/Users/ivanvasquez/Desktop/React/React Projects/PERN-ADMINISTRAR-PRODUCTOS/PERN_BACKEND/src/data/postgres/init.ts": {"path":"/Users/ivanvasquez/Desktop/React/React Projects/PERN-ADMINISTRAR-PRODUCTOS/PERN_BACKEND/src/data/postgres/init.ts","all":false,"statementMap":{"0":{"start":{"line":1,"column":0},"end":{"line":1,"column":48}},"1":{"start":{"line":2,"column":0},"end":{"line":2,"column":59}},"2":{"start":{"line":3,"column":0},"end":{"line":3,"column":33}},"3":{"start":{"line":4,"column":0},"end":{"line":4,"column":25}},"4":{"start":{"line":5,"column":0},"end":{"line":5,"column":16}},"5":{"start":{"line":6,"column":0},"end":{"line":6,"column":44}},"6":{"start":{"line":7,"column":0},"end":{"line":7,"column":8}},"7":{"start":{"line":8,"column":0},"end":{"line":8,"column":21}},"8":{"start":{"line":9,"column":0},"end":{"line":9,"column":13}},"9":{"start":{"line":10,"column":0},"end":{"line":10,"column":55}},"10":{"start":{"line":11,"column":0},"end":{"line":11,"column":56}},"11":{"start":{"line":12,"column":0},"end":{"line":12,"column":30}},"12":{"start":{"line":13,"column":0},"end":{"line":13,"column":14}},"13":{"start":{"line":14,"column":0},"end":{"line":14,"column":40}},"14":{"start":{"line":15,"column":0},"end":{"line":15,"column":26}},"15":{"start":{"line":16,"column":0},"end":{"line":16,"column":68}},"16":{"start":{"line":17,"column":0},"end":{"line":17,"column":25}},"17":{"start":{"line":18,"column":0},"end":{"line":18,"column":30}},"18":{"start":{"line":19,"column":0},"end":{"line":19,"column":62}},"19":{"start":{"line":20,"column":0},"end":{"line":20,"column":9}},"20":{"start":{"line":21,"column":0},"end":{"line":21,"column":5}},"21":{"start":{"line":22,"column":0},"end":{"line":22,"column":19}},"22":{"start":{"line":23,"column":0},"end":{"line":23,"column":29}},"23":{"start":{"line":24,"column":0},"end":{"line":24,"column":5}},"24":{"start":{"line":25,"column":0},"end":{"line":25,"column":1}}},"s":{"0":1,"1":1,"2":1,"3":1,"4":1,"5":1,"6":1,"7":1,"8":1,"9":1,"10":1,"11":1,"12":1,"13":1,"14":1,"15":1,"16":1,"17":0,"18":0,"19":0,"20":1,"21":1,"22":1,"23":1,"24":1},"branchMap":{"0":{"type":"branch","line":5,"loc":{"start":{"line":5,"column":4},"end":{"line":7,"column":8}},"locations":[{"start":{"line":5,"column":4},"end":{"line":7,"column":8}}]},"1":{"type":"branch","line":8,"loc":{"start":{"line":8,"column":10},"end":{"line":21,"column":5}},"locations":[{"start":{"line":8,"column":10},"end":{"line":21,"column":5}}]},"2":{"type":"branch","line":17,"loc":{"start":{"line":17,"column":10},"end":{"line":20,"column":9}},"locations":[{"start":{"line":17,"column":10},"end":{"line":20,"column":9}}]},"3":{"type":"branch","line":22,"loc":{"start":{"line":22,"column":10},"end":{"line":24,"column":5}},"locations":[{"start":{"line":22,"column":10},"end":{"line":24,"column":5}}]}},"b":{"0":[1],"1":[1],"2":[0],"3":[1]},"fnMap":{"0":{"name":"DatabaseConnection","decl":{"start":{"line":5,"column":4},"end":{"line":7,"column":8}},"loc":{"start":{"line":5,"column":4},"end":{"line":7,"column":8}},"line":5},"1":{"name":"connect","decl":{"start":{"line":8,"column":10},"end":{"line":21,"column":5}},"loc":{"start":{"line":8,"column":10},"end":{"line":21,"column":5}},"line":8},"2":{"name":"close","decl":{"start":{"line":22,"column":10},"end":{"line":24,"column":5}},"loc":{"start":{"line":22,"column":10},"end":{"line":24,"column":5}},"line":22}},"f":{"0":1,"1":1,"2":1}}
,"/Users/ivanvasquez/Desktop/React/React Projects/PERN-ADMINISTRAR-PRODUCTOS/PERN_BACKEND/src/data/postgres/models/product.model.ts": {"path":"/Users/ivanvasquez/Desktop/React/React Projects/PERN-ADMINISTRAR-PRODUCTOS/PERN_BACKEND/src/data/postgres/models/product.model.ts","all":false,"statementMap":{"0":{"start":{"line":1,"column":0},"end":{"line":1,"column":79}},"1":{"start":{"line":2,"column":0},"end":{"line":2,"column":0}},"2":{"start":{"line":3,"column":0},"end":{"line":3,"column":8}},"3":{"start":{"line":4,"column":0},"end":{"line":4,"column":26}},"4":{"start":{"line":5,"column":0},"end":{"line":5,"column":2}},"5":{"start":{"line":6,"column":0},"end":{"line":6,"column":0}},"6":{"start":{"line":7,"column":0},"end":{"line":7,"column":29}},"7":{"start":{"line":8,"column":0},"end":{"line":8,"column":0}},"8":{"start":{"line":9,"column":0},"end":{"line":9,"column":13}},"9":{"start":{"line":10,"column":0},"end":{"line":10,"column":35}},"10":{"start":{"line":11,"column":0},"end":{"line":11,"column":6}},"11":{"start":{"line":12,"column":0},"end":{"line":12,"column":24}},"12":{"start":{"line":13,"column":0},"end":{"line":13,"column":0}},"13":{"start":{"line":14,"column":0},"end":{"line":14,"column":13}},"14":{"start":{"line":15,"column":0},"end":{"line":15,"column":29}},"15":{"start":{"line":16,"column":0},"end":{"line":16,"column":6}},"16":{"start":{"line":17,"column":0},"end":{"line":17,"column":25}},"17":{"start":{"line":18,"column":0},"end":{"line":18,"column":0}},"18":{"start":{"line":19,"column":0},"end":{"line":19,"column":18}},"19":{"start":{"line":20,"column":0},"end":{"line":20,"column":13}},"20":{"start":{"line":21,"column":0},"end":{"line":21,"column":30}},"21":{"start":{"line":22,"column":0},"end":{"line":22,"column":6}},"22":{"start":{"line":23,"column":0},"end":{"line":23,"column":33}},"23":{"start":{"line":24,"column":0},"end":{"line":24,"column":1}},"24":{"start":{"line":25,"column":0},"end":{"line":25,"column":0}},"25":{"start":{"line":26,"column":0},"end":{"line":26,"column":22}}},"s":{"0":1,"1":1,"2":1,"3":1,"4":1,"5":1,"6":1,"7":1,"8":1,"9":1,"10":1,"11":1,"12":1,"13":1,"14":1,"15":1,"16":1,"17":1,"18":1,"19":1,"20":1,"21":1,"22":1,"23":1,"24":1,"25":1},"branchMap":{},"b":{},"fnMap":{},"f":{}}
,"/Users/ivanvasquez/Desktop/React/React Projects/PERN-ADMINISTRAR-PRODUCTOS/PERN_BACKEND/src/domain/errors/custom.error.ts": {"path":"/Users/ivanvasquez/Desktop/React/React Projects/PERN-ADMINISTRAR-PRODUCTOS/PERN_BACKEND/src/domain/errors/custom.error.ts","all":false,"statementMap":{"0":{"start":{"line":1,"column":0},"end":{"line":1,"column":51}},"1":{"start":{"line":2,"column":0},"end":{"line":2,"column":0}},"2":{"start":{"line":3,"column":0},"end":{"line":3,"column":40}},"3":{"start":{"line":4,"column":0},"end":{"line":4,"column":0}},"4":{"start":{"line":5,"column":0},"end":{"line":5,"column":16}},"5":{"start":{"line":6,"column":0},"end":{"line":6,"column":24}},"6":{"start":{"line":7,"column":0},"end":{"line":7,"column":43}},"7":{"start":{"line":8,"column":0},"end":{"line":8,"column":50}},"8":{"start":{"line":9,"column":0},"end":{"line":9,"column":7}},"9":{"start":{"line":10,"column":0},"end":{"line":10,"column":22}},"10":{"start":{"line":11,"column":0},"end":{"line":11,"column":5}},"11":{"start":{"line":12,"column":0},"end":{"line":12,"column":0}},"12":{"start":{"line":13,"column":0},"end":{"line":13,"column":40}},"13":{"start":{"line":14,"column":0},"end":{"line":14,"column":44}},"14":{"start":{"line":15,"column":0},"end":{"line":15,"column":5}},"15":{"start":{"line":16,"column":0},"end":{"line":16,"column":0}},"16":{"start":{"line":17,"column":0},"end":{"line":17,"column":38}},"17":{"start":{"line":18,"column":0},"end":{"line":18,"column":44}},"18":{"start":{"line":19,"column":0},"end":{"line":19,"column":5}},"19":{"start":{"line":20,"column":0},"end":{"line":20,"column":41}},"20":{"start":{"line":21,"column":0},"end":{"line":21,"column":44}},"21":{"start":{"line":22,"column":0},"end":{"line":22,"column":5}},"22":{"start":{"line":23,"column":0},"end":{"line":23,"column":0}},"23":{"start":{"line":24,"column":0},"end":{"line":24,"column":39}},"24":{"start":{"line":25,"column":0},"end":{"line":25,"column":44}},"25":{"start":{"line":26,"column":0},"end":{"line":26,"column":5}},"26":{"start":{"line":27,"column":0},"end":{"line":27,"column":0}},"27":{"start":{"line":28,"column":0},"end":{"line":28,"column":44}},"28":{"start":{"line":29,"column":0},"end":{"line":29,"column":44}},"29":{"start":{"line":30,"column":0},"end":{"line":30,"column":5}},"30":{"start":{"line":31,"column":0},"end":{"line":31,"column":0}},"31":{"start":{"line":32,"column":0},"end":{"line":32,"column":66}},"32":{"start":{"line":33,"column":0},"end":{"line":33,"column":58}},"33":{"start":{"line":34,"column":0},"end":{"line":34,"column":5}},"34":{"start":{"line":35,"column":0},"end":{"line":35,"column":1}}},"s":{"0":1,"1":1,"2":1,"3":1,"4":1,"5":5,"6":5,"7":5,"8":5,"9":5,"10":5,"11":1,"12":1,"13":0,"14":0,"15":1,"16":1,"17":4,"18":4,"19":1,"20":0,"21":0,"22":1,"23":1,"24":0,"25":0,"26":1,"27":1,"28":1,"29":1,"30":1,"31":1,"32":0,"33":0,"34":1},"branchMap":{"0":{"type":"branch","line":5,"loc":{"start":{"line":5,"column":4},"end":{"line":11,"column":5}},"locations":[{"start":{"line":5,"column":4},"end":{"line":11,"column":5}}]},"1":{"type":"branch","line":17,"loc":{"start":{"line":17,"column":11},"end":{"line":19,"column":5}},"locations":[{"start":{"line":17,"column":11},"end":{"line":19,"column":5}}]},"2":{"type":"branch","line":28,"loc":{"start":{"line":28,"column":11},"end":{"line":30,"column":5}},"locations":[{"start":{"line":28,"column":11},"end":{"line":30,"column":5}}]}},"b":{"0":[5],"1":[4],"2":[1]},"fnMap":{"0":{"name":"CustomError","decl":{"start":{"line":5,"column":4},"end":{"line":11,"column":5}},"loc":{"start":{"line":5,"column":4},"end":{"line":11,"column":5}},"line":5},"1":{"name":"badRequest","decl":{"start":{"line":13,"column":11},"end":{"line":15,"column":5}},"loc":{"start":{"line":13,"column":11},"end":{"line":15,"column":5}},"line":13},"2":{"name":"notFound","decl":{"start":{"line":17,"column":11},"end":{"line":19,"column":5}},"loc":{"start":{"line":17,"column":11},"end":{"line":19,"column":5}},"line":17},"3":{"name":"unathorized","decl":{"start":{"line":20,"column":11},"end":{"line":22,"column":5}},"loc":{"start":{"line":20,"column":11},"end":{"line":22,"column":5}},"line":20},"4":{"name":"forbidden","decl":{"start":{"line":24,"column":11},"end":{"line":26,"column":5}},"loc":{"start":{"line":24,"column":11},"end":{"line":26,"column":5}},"line":24},"5":{"name":"internalServer","decl":{"start":{"line":28,"column":11},"end":{"line":30,"column":5}},"loc":{"start":{"line":28,"column":11},"end":{"line":30,"column":5}},"line":28},"6":{"name":"BadRequestExpressValidator","decl":{"start":{"line":32,"column":11},"end":{"line":34,"column":5}},"loc":{"start":{"line":32,"column":11},"end":{"line":34,"column":5}},"line":32}},"f":{"0":5,"1":0,"2":4,"3":0,"4":0,"5":1,"6":0}}
,"/Users/ivanvasquez/Desktop/React/React Projects/PERN-ADMINISTRAR-PRODUCTOS/PERN_BACKEND/src/presentation/routes.ts": {"path":"/Users/ivanvasquez/Desktop/React/React Projects/PERN-ADMINISTRAR-PRODUCTOS/PERN_BACKEND/src/presentation/routes.ts","all":false,"statementMap":{"0":{"start":{"line":1,"column":0},"end":{"line":1,"column":33}},"1":{"start":{"line":2,"column":0},"end":{"line":2,"column":50}},"2":{"start":{"line":3,"column":0},"end":{"line":3,"column":0}},"3":{"start":{"line":4,"column":0},"end":{"line":4,"column":0}},"4":{"start":{"line":5,"column":0},"end":{"line":5,"column":24}},"5":{"start":{"line":6,"column":0},"end":{"line":6,"column":0}},"6":{"start":{"line":7,"column":0},"end":{"line":7,"column":20}},"7":{"start":{"line":8,"column":0},"end":{"line":8,"column":0}},"8":{"start":{"line":9,"column":0},"end":{"line":9,"column":33}},"9":{"start":{"line":10,"column":0},"end":{"line":10,"column":31}},"10":{"start":{"line":11,"column":0},"end":{"line":11,"column":0}},"11":{"start":{"line":12,"column":0},"end":{"line":12,"column":27}},"12":{"start":{"line":13,"column":0},"end":{"line":13,"column":57}},"13":{"start":{"line":14,"column":0},"end":{"line":14,"column":8}},"14":{"start":{"line":15,"column":0},"end":{"line":15,"column":0}},"15":{"start":{"line":16,"column":0},"end":{"line":16,"column":22}},"16":{"start":{"line":17,"column":0},"end":{"line":17,"column":5}},"17":{"start":{"line":18,"column":0},"end":{"line":18,"column":1}}},"s":{"0":1,"1":1,"2":1,"3":1,"4":1,"5":1,"6":1,"7":1,"8":1,"9":2,"10":2,"11":2,"12":2,"13":2,"14":2,"15":2,"16":2,"17":1},"branchMap":{"0":{"type":"branch","line":9,"loc":{"start":{"line":9,"column":10},"end":{"line":17,"column":5}},"locations":[{"start":{"line":9,"column":10},"end":{"line":17,"column":5}}]}},"b":{"0":[2]},"fnMap":{"0":{"name":"AppRoutes","decl":{"start":{"line":7,"column":4},"end":{"line":7,"column":20}},"loc":{"start":{"line":7,"column":4},"end":{"line":7,"column":20}},"line":7},"1":{"name":"get routes","decl":{"start":{"line":9,"column":10},"end":{"line":17,"column":5}},"loc":{"start":{"line":9,"column":10},"end":{"line":17,"column":5}},"line":9}},"f":{"0":0,"1":2}}
,"/Users/ivanvasquez/Desktop/React/React Projects/PERN-ADMINISTRAR-PRODUCTOS/PERN_BACKEND/src/presentation/server.ts": {"path":"/Users/ivanvasquez/Desktop/React/React Projects/PERN-ADMINISTRAR-PRODUCTOS/PERN_BACKEND/src/presentation/server.ts","all":false,"statementMap":{"0":{"start":{"line":1,"column":0},"end":{"line":1,"column":41}},"1":{"start":{"line":2,"column":0},"end":{"line":2,"column":57}},"2":{"start":{"line":3,"column":0},"end":{"line":3,"column":0}},"3":{"start":{"line":4,"column":0},"end":{"line":4,"column":21}},"4":{"start":{"line":5,"column":0},"end":{"line":5,"column":0}},"5":{"start":{"line":6,"column":0},"end":{"line":6,"column":35}},"6":{"start":{"line":7,"column":0},"end":{"line":7,"column":32}},"7":{"start":{"line":8,"column":0},"end":{"line":8,"column":0}},"8":{"start":{"line":9,"column":0},"end":{"line":9,"column":16}},"9":{"start":{"line":10,"column":0},"end":{"line":10,"column":38}},"10":{"start":{"line":11,"column":0},"end":{"line":11,"column":39}},"11":{"start":{"line":12,"column":0},"end":{"line":12,"column":8}},"12":{"start":{"line":13,"column":0},"end":{"line":13,"column":0}},"13":{"start":{"line":14,"column":0},"end":{"line":14,"column":19}},"14":{"start":{"line":15,"column":0},"end":{"line":15,"column":0}},"15":{"start":{"line":16,"column":0},"end":{"line":16,"column":21}},"16":{"start":{"line":17,"column":0},"end":{"line":17,"column":37}},"17":{"start":{"line":18,"column":0},"end":{"line":18,"column":0}},"18":{"start":{"line":19,"column":0},"end":{"line":19,"column":16}},"19":{"start":{"line":20,"column":0},"end":{"line":20,"column":34}},"20":{"start":{"line":21,"column":0},"end":{"line":21,"column":0}},"21":{"start":{"line":22,"column":0},"end":{"line":22,"column":64}},"22":{"start":{"line":23,"column":0},"end":{"line":23,"column":65}},"23":{"start":{"line":24,"column":0},"end":{"line":24,"column":72}},"24":{"start":{"line":25,"column":0},"end":{"line":25,"column":10}},"25":{"start":{"line":26,"column":0},"end":{"line":26,"column":5}},"26":{"start":{"line":27,"column":0},"end":{"line":27,"column":5}},"27":{"start":{"line":28,"column":0},"end":{"line":28,"column":0}},"28":{"start":{"line":29,"column":0},"end":{"line":29,"column":19}},"29":{"start":{"line":30,"column":0},"end":{"line":30,"column":36}},"30":{"start":{"line":31,"column":0},"end":{"line":31,"column":5}},"31":{"start":{"line":32,"column":0},"end":{"line":32,"column":1}}},"s":{"0":1,"1":1,"2":1,"3":1,"4":1,"5":1,"6":1,"7":1,"8":1,"9":1,"10":1,"11":1,"12":1,"13":1,"14":1,"15":1,"16":1,"17":1,"18":1,"19":1,"20":1,"21":1,"22":1,"23":1,"24":1,"25":1,"26":1,"27":1,"28":1,"29":1,"30":1,"31":1},"branchMap":{"0":{"type":"branch","line":9,"loc":{"start":{"line":9,"column":4},"end":{"line":12,"column":8}},"locations":[{"start":{"line":9,"column":4},"end":{"line":12,"column":8}}]},"1":{"type":"branch","line":14,"loc":{"start":{"line":14,"column":10},"end":{"line":27,"column":5}},"locations":[{"start":{"line":14,"column":10},"end":{"line":27,"column":5}}]},"2":{"type":"branch","line":22,"loc":{"start":{"line":22,"column":57},"end":{"line":25,"column":9}},"locations":[{"start":{"line":22,"column":57},"end":{"line":25,"column":9}}]},"3":{"type":"branch","line":29,"loc":{"start":{"line":29,"column":10},"end":{"line":31,"column":5}},"locations":[{"start":{"line":29,"column":10},"end":{"line":31,"column":5}}]},"4":{"type":"branch","line":30,"loc":{"start":{"line":30,"column":27},"end":{"line":30,"column":29}},"locations":[{"start":{"line":30,"column":27},"end":{"line":30,"column":29}}]}},"b":{"0":[1],"1":[1],"2":[1],"3":[1],"4":[0]},"fnMap":{"0":{"name":"Server","decl":{"start":{"line":9,"column":4},"end":{"line":12,"column":8}},"loc":{"start":{"line":9,"column":4},"end":{"line":12,"column":8}},"line":9},"1":{"name":"start","decl":{"start":{"line":14,"column":10},"end":{"line":27,"column":5}},"loc":{"start":{"line":14,"column":10},"end":{"line":27,"column":5}},"line":14},"2":{"name":"close","decl":{"start":{"line":29,"column":10},"end":{"line":31,"column":5}},"loc":{"start":{"line":29,"column":10},"end":{"line":31,"column":5}},"line":29}},"f":{"0":1,"1":1,"2":1}}
,"/Users/ivanvasquez/Desktop/React/React Projects/PERN-ADMINISTRAR-PRODUCTOS/PERN_BACKEND/src/presentation/middlewares/field-validation.middleware.ts": {"path":"/Users/ivanvasquez/Desktop/React/React Projects/PERN-ADMINISTRAR-PRODUCTOS/PERN_BACKEND/src/presentation/middlewares/field-validation.middleware.ts","all":false,"statementMap":{"0":{"start":{"line":1,"column":0},"end":{"line":1,"column":58}},"1":{"start":{"line":2,"column":0},"end":{"line":2,"column":81}},"2":{"start":{"line":3,"column":0},"end":{"line":3,"column":63}},"3":{"start":{"line":4,"column":0},"end":{"line":4,"column":0}},"4":{"start":{"line":5,"column":0},"end":{"line":5,"column":40}},"5":{"start":{"line":6,"column":0},"end":{"line":6,"column":0}},"6":{"start":{"line":7,"column":0},"end":{"line":7,"column":82}},"7":{"start":{"line":8,"column":0},"end":{"line":8,"column":0}},"8":{"start":{"line":9,"column":0},"end":{"line":9,"column":56}},"9":{"start":{"line":10,"column":0},"end":{"line":10,"column":40}},"10":{"start":{"line":11,"column":0},"end":{"line":11,"column":0}},"11":{"start":{"line":12,"column":0},"end":{"line":12,"column":30}},"12":{"start":{"line":13,"column":0},"end":{"line":13,"column":64}},"13":{"start":{"line":14,"column":0},"end":{"line":14,"column":9}},"14":{"start":{"line":15,"column":0},"end":{"line":15,"column":0}},"15":{"start":{"line":16,"column":0},"end":{"line":16,"column":14}},"16":{"start":{"line":17,"column":0},"end":{"line":17,"column":5}},"17":{"start":{"line":18,"column":0},"end":{"line":18,"column":1}}},"s":{"0":1,"1":1,"2":1,"3":1,"4":1,"5":1,"6":1,"7":20,"8":20,"9":20,"10":20,"11":20,"12":9,"13":9,"14":11,"15":11,"16":11,"17":1},"branchMap":{"0":{"type":"branch","line":7,"loc":{"start":{"line":7,"column":17},"end":{"line":17,"column":5}},"locations":[{"start":{"line":7,"column":17},"end":{"line":17,"column":5}}]},"1":{"type":"branch","line":12,"loc":{"start":{"line":12,"column":29},"end":{"line":14,"column":9}},"locations":[{"start":{"line":12,"column":29},"end":{"line":14,"column":9}}]},"2":{"type":"branch","line":15,"loc":{"start":{"line":15,"column":-1},"end":{"line":17,"column":5}},"locations":[{"start":{"line":15,"column":-1},"end":{"line":17,"column":5}}]}},"b":{"0":[20],"1":[9],"2":[11]},"fnMap":{"0":{"name":"ValidateErrors","decl":{"start":{"line":7,"column":17},"end":{"line":17,"column":5}},"loc":{"start":{"line":7,"column":17},"end":{"line":17,"column":5}},"line":7}},"f":{"0":20}}
,"/Users/ivanvasquez/Desktop/React/React Projects/PERN-ADMINISTRAR-PRODUCTOS/PERN_BACKEND/src/presentation/products/controller.ts": {"path":"/Users/ivanvasquez/Desktop/React/React Projects/PERN-ADMINISTRAR-PRODUCTOS/PERN_BACKEND/src/presentation/products/controller.ts","all":false,"statementMap":{"0":{"start":{"line":1,"column":0},"end":{"line":1,"column":44}},"1":{"start":{"line":2,"column":0},"end":{"line":2,"column":61}},"2":{"start":{"line":3,"column":0},"end":{"line":3,"column":63}},"3":{"start":{"line":4,"column":0},"end":{"line":4,"column":0}},"4":{"start":{"line":5,"column":0},"end":{"line":5,"column":0}},"5":{"start":{"line":6,"column":0},"end":{"line":6,"column":32}},"6":{"start":{"line":7,"column":0},"end":{"line":7,"column":0}},"7":{"start":{"line":8,"column":0},"end":{"line":8,"column":16}},"8":{"start":{"line":9,"column":0},"end":{"line":9,"column":55}},"9":{"start":{"line":10,"column":0},"end":{"line":10,"column":8}},"10":{"start":{"line":11,"column":0},"end":{"line":11,"column":0}},"11":{"start":{"line":12,"column":0},"end":{"line":12,"column":66}},"12":{"start":{"line":13,"column":0},"end":{"line":13,"column":42}},"13":{"start":{"line":14,"column":0},"end":{"line":14,"column":96}},"14":{"start":{"line":15,"column":0},"end":{"line":15,"column":80}},"15":{"start":{"line":16,"column":0},"end":{"line":16,"column":9}},"16":{"start":{"line":17,"column":0},"end":{"line":17,"column":0}},"17":{"start":{"line":18,"column":0},"end":{"line":18,"column":73}},"18":{"start":{"line":19,"column":0},"end":{"line":19,"column":5}},"19":{"start":{"line":20,"column":0},"end":{"line":20,"column":0}},"20":{"start":{"line":21,"column":0},"end":{"line":21,"column":59}},"21":{"start":{"line":22,"column":0},"end":{"line":22,"column":41}},"22":{"start":{"line":23,"column":0},"end":{"line":23,"column":43}},"23":{"start":{"line":24,"column":0},"end":{"line":24,"column":59}},"24":{"start":{"line":25,"column":0},"end":{"line":25,"column":5}},"25":{"start":{"line":26,"column":0},"end":{"line":26,"column":0}},"26":{"start":{"line":27,"column":0},"end":{"line":27,"column":61}},"27":{"start":{"line":28,"column":0},"end":{"line":28,"column":46}},"28":{"start":{"line":29,"column":0},"end":{"line":29,"column":55}},"29":{"start":{"line":30,"column":0},"end":{"line":30,"column":59}},"30":{"start":{"line":31,"column":0},"end":{"line":31,"column":5}},"31":{"start":{"line":32,"column":0},"end":{"line":32,"column":0}},"32":{"start":{"line":33,"column":0},"end":{"line":33,"column":62}},"33":{"start":{"line":34,"column":0},"end":{"line":34,"column":47}},"34":{"start":{"line":35,"column":0},"end":{"line":35,"column":43}},"35":{"start":{"line":36,"column":0},"end":{"line":36,"column":59}},"36":{"start":{"line":37,"column":0},"end":{"line":37,"column":5}},"37":{"start":{"line":38,"column":0},"end":{"line":38,"column":0}},"38":{"start":{"line":39,"column":0},"end":{"line":39,"column":61}},"39":{"start":{"line":40,"column":0},"end":{"line":40,"column":46}},"40":{"start":{"line":41,"column":0},"end":{"line":41,"column":43}},"41":{"start":{"line":42,"column":0},"end":{"line":42,"column":59}},"42":{"start":{"line":43,"column":0},"end":{"line":43,"column":5}},"43":{"start":{"line":44,"column":0},"end":{"line":44,"column":0}},"44":{"start":{"line":45,"column":0},"end":{"line":45,"column":66}},"45":{"start":{"line":46,"column":0},"end":{"line":46,"column":51}},"46":{"start":{"line":47,"column":0},"end":{"line":47,"column":43}},"47":{"start":{"line":48,"column":0},"end":{"line":48,"column":59}},"48":{"start":{"line":49,"column":0},"end":{"line":49,"column":5}},"49":{"start":{"line":50,"column":0},"end":{"line":50,"column":0}},"50":{"start":{"line":51,"column":0},"end":{"line":51,"column":61}},"51":{"start":{"line":52,"column":0},"end":{"line":52,"column":46}},"52":{"start":{"line":53,"column":0},"end":{"line":53,"column":43}},"53":{"start":{"line":54,"column":0},"end":{"line":54,"column":59}},"54":{"start":{"line":55,"column":0},"end":{"line":55,"column":5}},"55":{"start":{"line":56,"column":0},"end":{"line":56,"column":1}}},"s":{"0":1,"1":1,"2":1,"3":1,"4":1,"5":1,"6":1,"7":1,"8":2,"9":2,"10":1,"11":1,"12":5,"13":5,"14":5,"15":5,"16":0,"17":0,"18":0,"19":1,"20":1,"21":1,"22":1,"23":1,"24":1,"25":1,"26":1,"27":3,"28":3,"29":3,"30":3,"31":1,"32":1,"33":2,"34":2,"35":2,"36":2,"37":1,"38":1,"39":2,"40":2,"41":2,"42":2,"43":1,"44":1,"45":2,"46":2,"47":2,"48":2,"49":1,"50":1,"51":2,"52":2,"53":2,"54":2,"55":1},"branchMap":{"0":{"type":"branch","line":8,"loc":{"start":{"line":8,"column":4},"end":{"line":10,"column":8}},"locations":[{"start":{"line":8,"column":4},"end":{"line":10,"column":8}}]},"1":{"type":"branch","line":12,"loc":{"start":{"line":12,"column":26},"end":{"line":19,"column":5}},"locations":[{"start":{"line":12,"column":26},"end":{"line":19,"column":5}}]},"2":{"type":"branch","line":14,"loc":{"start":{"line":14,"column":30},"end":{"line":14,"column":96}},"locations":[{"start":{"line":14,"column":30},"end":{"line":14,"column":96}}]},"3":{"type":"branch","line":17,"loc":{"start":{"line":17,"column":-1},"end":{"line":19,"column":5}},"locations":[{"start":{"line":17,"column":-1},"end":{"line":19,"column":5}}]},"4":{"type":"branch","line":21,"loc":{"start":{"line":21,"column":25},"end":{"line":25,"column":5}},"locations":[{"start":{"line":21,"column":25},"end":{"line":25,"column":5}}]},"5":{"type":"branch","line":23,"loc":{"start":{"line":23,"column":18},"end":{"line":23,"column":42}},"locations":[{"start":{"line":23,"column":18},"end":{"line":23,"column":42}}]},"6":{"type":"branch","line":27,"loc":{"start":{"line":27,"column":27},"end":{"line":31,"column":5}},"locations":[{"start":{"line":27,"column":27},"end":{"line":31,"column":5}}]},"7":{"type":"branch","line":29,"loc":{"start":{"line":29,"column":18},"end":{"line":29,"column":54}},"locations":[{"start":{"line":29,"column":18},"end":{"line":29,"column":54}}]},"8":{"type":"branch","line":30,"loc":{"start":{"line":30,"column":19},"end":{"line":30,"column":58}},"locations":[{"start":{"line":30,"column":19},"end":{"line":30,"column":58}}]},"9":{"type":"branch","line":33,"loc":{"start":{"line":33,"column":28},"end":{"line":37,"column":5}},"locations":[{"start":{"line":33,"column":28},"end":{"line":37,"column":5}}]},"10":{"type":"branch","line":35,"loc":{"start":{"line":35,"column":18},"end":{"line":35,"column":42}},"locations":[{"start":{"line":35,"column":18},"end":{"line":35,"column":42}}]},"11":{"type":"branch","line":36,"loc":{"start":{"line":36,"column":19},"end":{"line":36,"column":58}},"locations":[{"start":{"line":36,"column":19},"end":{"line":36,"column":58}}]},"12":{"type":"branch","line":39,"loc":{"start":{"line":39,"column":27},"end":{"line":43,"column":5}},"locations":[{"start":{"line":39,"column":27},"end":{"line":43,"column":5}}]},"13":{"type":"branch","line":41,"loc":{"start":{"line":41,"column":18},"end":{"line":41,"column":42}},"locations":[{"start":{"line":41,"column":18},"end":{"line":41,"column":42}}]},"14":{"type":"branch","line":42,"loc":{"start":{"line":42,"column":19},"end":{"line":42,"column":58}},"locations":[{"start":{"line":42,"column":19},"end":{"line":42,"column":58}}]},"15":{"type":"branch","line":45,"loc":{"start":{"line":45,"column":32},"end":{"line":49,"column":5}},"locations":[{"start":{"line":45,"column":32},"end":{"line":49,"column":5}}]},"16":{"type":"branch","line":47,"loc":{"start":{"line":47,"column":18},"end":{"line":47,"column":42}},"locations":[{"start":{"line":47,"column":18},"end":{"line":47,"column":42}}]},"17":{"type":"branch","line":48,"loc":{"start":{"line":48,"column":19},"end":{"line":48,"column":58}},"locations":[{"start":{"line":48,"column":19},"end":{"line":48,"column":58}}]},"18":{"type":"branch","line":51,"loc":{"start":{"line":51,"column":27},"end":{"line":55,"column":5}},"locations":[{"start":{"line":51,"column":27},"end":{"line":55,"column":5}}]},"19":{"type":"branch","line":53,"loc":{"start":{"line":53,"column":18},"end":{"line":53,"column":42}},"locations":[{"start":{"line":53,"column":18},"end":{"line":53,"column":42}}]},"20":{"type":"branch","line":54,"loc":{"start":{"line":54,"column":19},"end":{"line":54,"column":58}},"locations":[{"start":{"line":54,"column":19},"end":{"line":54,"column":58}}]}},"b":{"0":[2],"1":[5],"2":[0],"3":[0],"4":[1],"5":[1],"6":[3],"7":[2],"8":[1],"9":[2],"10":[1],"11":[1],"12":[2],"13":[1],"14":[1],"15":[2],"16":[1],"17":[1],"18":[2],"19":[1],"20":[1]},"fnMap":{"0":{"name":"ProductsController","decl":{"start":{"line":8,"column":4},"end":{"line":10,"column":8}},"loc":{"start":{"line":8,"column":4},"end":{"line":10,"column":8}},"line":8},"1":{"name":"ProductsController.handleError","decl":{"start":{"line":12,"column":26},"end":{"line":19,"column":5}},"loc":{"start":{"line":12,"column":26},"end":{"line":19,"column":5}},"line":12},"2":{"name":"ProductsController.getProducts","decl":{"start":{"line":21,"column":25},"end":{"line":25,"column":5}},"loc":{"start":{"line":21,"column":25},"end":{"line":25,"column":5}},"line":21},"3":{"name":"ProductsController.createProduct","decl":{"start":{"line":27,"column":27},"end":{"line":31,"column":5}},"loc":{"start":{"line":27,"column":27},"end":{"line":31,"column":5}},"line":27},"4":{"name":"ProductsController.getProductById","decl":{"start":{"line":33,"column":28},"end":{"line":37,"column":5}},"loc":{"start":{"line":33,"column":28},"end":{"line":37,"column":5}},"line":33},"5":{"name":"ProductsController.updateProduct","decl":{"start":{"line":39,"column":27},"end":{"line":43,"column":5}},"loc":{"start":{"line":39,"column":27},"end":{"line":43,"column":5}},"line":39},"6":{"name":"ProductsController.updateAvailability","decl":{"start":{"line":45,"column":32},"end":{"line":49,"column":5}},"loc":{"start":{"line":45,"column":32},"end":{"line":49,"column":5}},"line":45},"7":{"name":"ProductsController.deleteProduct","decl":{"start":{"line":51,"column":27},"end":{"line":55,"column":5}},"loc":{"start":{"line":51,"column":27},"end":{"line":55,"column":5}},"line":51}},"f":{"0":2,"1":5,"2":1,"3":3,"4":2,"5":2,"6":2,"7":2}}
,"/Users/ivanvasquez/Desktop/React/React Projects/PERN-ADMINISTRAR-PRODUCTOS/PERN_BACKEND/src/presentation/products/routes.ts": {"path":"/Users/ivanvasquez/Desktop/React/React Projects/PERN-ADMINISTRAR-PRODUCTOS/PERN_BACKEND/src/presentation/products/routes.ts","all":false,"statementMap":{"0":{"start":{"line":1,"column":0},"end":{"line":1,"column":32}},"1":{"start":{"line":2,"column":0},"end":{"line":2,"column":49}},"2":{"start":{"line":3,"column":0},"end":{"line":3,"column":60}},"3":{"start":{"line":4,"column":0},"end":{"line":4,"column":86}},"4":{"start":{"line":5,"column":0},"end":{"line":5,"column":41}},"5":{"start":{"line":6,"column":0},"end":{"line":6,"column":80}},"6":{"start":{"line":7,"column":0},"end":{"line":7,"column":0}},"7":{"start":{"line":8,"column":0},"end":{"line":8,"column":0}},"8":{"start":{"line":9,"column":0},"end":{"line":9,"column":28}},"9":{"start":{"line":10,"column":0},"end":{"line":10,"column":0}},"10":{"start":{"line":11,"column":0},"end":{"line":11,"column":33}},"11":{"start":{"line":12,"column":0},"end":{"line":12,"column":31}},"12":{"start":{"line":13,"column":0},"end":{"line":13,"column":49}},"13":{"start":{"line":14,"column":0},"end":{"line":14,"column":65}},"14":{"start":{"line":15,"column":0},"end":{"line":15,"column":0}},"15":{"start":{"line":16,"column":0},"end":{"line":16,"column":27}},"16":{"start":{"line":17,"column":0},"end":{"line":17,"column":47}},"17":{"start":{"line":18,"column":0},"end":{"line":18,"column":8}},"18":{"start":{"line":19,"column":0},"end":{"line":19,"column":25}},"19":{"start":{"line":20,"column":0},"end":{"line":20,"column":13}},"20":{"start":{"line":21,"column":0},"end":{"line":21,"column":63}},"21":{"start":{"line":22,"column":0},"end":{"line":22,"column":64}},"22":{"start":{"line":23,"column":0},"end":{"line":23,"column":56}},"23":{"start":{"line":24,"column":0},"end":{"line":24,"column":14}},"24":{"start":{"line":25,"column":0},"end":{"line":25,"column":36}},"25":{"start":{"line":26,"column":0},"end":{"line":26,"column":9}},"26":{"start":{"line":27,"column":0},"end":{"line":27,"column":0}},"27":{"start":{"line":28,"column":0},"end":{"line":28,"column":27}},"28":{"start":{"line":29,"column":0},"end":{"line":29,"column":13}},"29":{"start":{"line":30,"column":0},"end":{"line":30,"column":56}},"30":{"start":{"line":31,"column":0},"end":{"line":31,"column":56}},"31":{"start":{"line":32,"column":0},"end":{"line":32,"column":14}},"32":{"start":{"line":33,"column":0},"end":{"line":33,"column":37}},"33":{"start":{"line":34,"column":0},"end":{"line":34,"column":9}},"34":{"start":{"line":35,"column":0},"end":{"line":35,"column":26}},"35":{"start":{"line":36,"column":0},"end":{"line":36,"column":13}},"36":{"start":{"line":37,"column":0},"end":{"line":37,"column":56}},"37":{"start":{"line":38,"column":0},"end":{"line":38,"column":63}},"38":{"start":{"line":39,"column":0},"end":{"line":39,"column":64}},"39":{"start":{"line":40,"column":0},"end":{"line":40,"column":72}},"40":{"start":{"line":41,"column":0},"end":{"line":41,"column":56}},"41":{"start":{"line":42,"column":0},"end":{"line":42,"column":14}},"42":{"start":{"line":43,"column":0},"end":{"line":43,"column":36}},"43":{"start":{"line":44,"column":0},"end":{"line":44,"column":9}},"44":{"start":{"line":45,"column":0},"end":{"line":45,"column":28}},"45":{"start":{"line":46,"column":0},"end":{"line":46,"column":13}},"46":{"start":{"line":47,"column":0},"end":{"line":47,"column":56}},"47":{"start":{"line":48,"column":0},"end":{"line":48,"column":56}},"48":{"start":{"line":49,"column":0},"end":{"line":49,"column":14}},"49":{"start":{"line":50,"column":0},"end":{"line":50,"column":41}},"50":{"start":{"line":51,"column":0},"end":{"line":51,"column":9}},"51":{"start":{"line":52,"column":0},"end":{"line":52,"column":29}},"52":{"start":{"line":53,"column":0},"end":{"line":53,"column":13}},"53":{"start":{"line":54,"column":0},"end":{"line":54,"column":56}},"54":{"start":{"line":55,"column":0},"end":{"line":55,"column":56}},"55":{"start":{"line":56,"column":0},"end":{"line":56,"column":14}},"56":{"start":{"line":57,"column":0},"end":{"line":57,"column":36}},"57":{"start":{"line":58,"column":0},"end":{"line":58,"column":9}},"58":{"start":{"line":59,"column":0},"end":{"line":59,"column":0}},"59":{"start":{"line":60,"column":0},"end":{"line":60,"column":21}},"60":{"start":{"line":61,"column":0},"end":{"line":61,"column":5}},"61":{"start":{"line":62,"column":0},"end":{"line":62,"column":1}}},"s":{"0":1,"1":1,"2":1,"3":1,"4":1,"5":1,"6":1,"7":1,"8":1,"9":1,"10":1,"11":2,"12":2,"13":2,"14":2,"15":2,"16":2,"17":2,"18":2,"19":2,"20":2,"21":2,"22":2,"23":2,"24":2,"25":2,"26":2,"27":2,"28":2,"29":2,"30":2,"31":2,"32":2,"33":2,"34":2,"35":2,"36":2,"37":2,"38":2,"39":2,"40":2,"41":2,"42":2,"43":2,"44":2,"45":2,"46":2,"47":2,"48":2,"49":2,"50":2,"51":2,"52":2,"53":2,"54":2,"55":2,"56":2,"57":2,"58":2,"59":2,"60":2,"61":1},"branchMap":{"0":{"type":"branch","line":11,"loc":{"start":{"line":11,"column":10},"end":{"line":61,"column":5}},"locations":[{"start":{"line":11,"column":10},"end":{"line":61,"column":5}}]}},"b":{"0":[2]},"fnMap":{"0":{"name":"get routes","decl":{"start":{"line":11,"column":10},"end":{"line":61,"column":5}},"loc":{"start":{"line":11,"column":10},"end":{"line":61,"column":5}},"line":11}},"f":{"0":2}}
,"/Users/ivanvasquez/Desktop/React/React Projects/PERN-ADMINISTRAR-PRODUCTOS/PERN_BACKEND/src/presentation/services/product-service.ts": {"path":"/Users/ivanvasquez/Desktop/React/React Projects/PERN-ADMINISTRAR-PRODUCTOS/PERN_BACKEND/src/presentation/services/product-service.ts","all":false,"statementMap":{"0":{"start":{"line":1,"column":0},"end":{"line":1,"column":44}},"1":{"start":{"line":2,"column":0},"end":{"line":2,"column":63}},"2":{"start":{"line":3,"column":0},"end":{"line":3,"column":63}},"3":{"start":{"line":4,"column":0},"end":{"line":4,"column":67}},"4":{"start":{"line":5,"column":0},"end":{"line":5,"column":0}},"5":{"start":{"line":6,"column":0},"end":{"line":6,"column":29}},"6":{"start":{"line":7,"column":0},"end":{"line":7,"column":18}},"7":{"start":{"line":8,"column":0},"end":{"line":8,"column":0}},"8":{"start":{"line":9,"column":0},"end":{"line":9,"column":37}},"9":{"start":{"line":10,"column":0},"end":{"line":10,"column":9}},"10":{"start":{"line":11,"column":0},"end":{"line":11,"column":53}},"11":{"start":{"line":12,"column":0},"end":{"line":12,"column":0}},"12":{"start":{"line":13,"column":0},"end":{"line":13,"column":14}},"13":{"start":{"line":14,"column":0},"end":{"line":14,"column":22}},"14":{"start":{"line":15,"column":0},"end":{"line":15,"column":8}},"15":{"start":{"line":16,"column":0},"end":{"line":16,"column":21}},"16":{"start":{"line":17,"column":0},"end":{"line":17,"column":69}},"17":{"start":{"line":18,"column":0},"end":{"line":18,"column":5}},"18":{"start":{"line":19,"column":0},"end":{"line":19,"column":3}},"19":{"start":{"line":20,"column":0},"end":{"line":20,"column":0}},"20":{"start":{"line":21,"column":0},"end":{"line":21,"column":23}},"21":{"start":{"line":22,"column":0},"end":{"line":22,"column":9}},"22":{"start":{"line":23,"column":0},"end":{"line":23,"column":46}},"23":{"start":{"line":24,"column":0},"end":{"line":24,"column":35}},"24":{"start":{"line":25,"column":0},"end":{"line":25,"column":60}},"25":{"start":{"line":26,"column":0},"end":{"line":26,"column":9}},"26":{"start":{"line":27,"column":0},"end":{"line":27,"column":0}},"27":{"start":{"line":28,"column":0},"end":{"line":28,"column":14}},"28":{"start":{"line":29,"column":0},"end":{"line":29,"column":23}},"29":{"start":{"line":30,"column":0},"end":{"line":30,"column":8}},"30":{"start":{"line":31,"column":0},"end":{"line":31,"column":21}},"31":{"start":{"line":32,"column":0},"end":{"line":32,"column":51}},"32":{"start":{"line":33,"column":0},"end":{"line":33,"column":5}},"33":{"start":{"line":34,"column":0},"end":{"line":34,"column":3}},"34":{"start":{"line":35,"column":0},"end":{"line":35,"column":0}},"35":{"start":{"line":36,"column":0},"end":{"line":36,"column":38}},"36":{"start":{"line":37,"column":0},"end":{"line":37,"column":30}},"37":{"start":{"line":38,"column":0},"end":{"line":38,"column":9}},"38":{"start":{"line":39,"column":0},"end":{"line":39,"column":49}},"39":{"start":{"line":40,"column":0},"end":{"line":40,"column":72}},"40":{"start":{"line":41,"column":0},"end":{"line":41,"column":14}},"41":{"start":{"line":42,"column":0},"end":{"line":42,"column":22}},"42":{"start":{"line":43,"column":0},"end":{"line":43,"column":8}},"43":{"start":{"line":44,"column":0},"end":{"line":44,"column":21}},"44":{"start":{"line":45,"column":0},"end":{"line":45,"column":51}},"45":{"start":{"line":46,"column":0},"end":{"line":46,"column":51}},"46":{"start":{"line":47,"column":0},"end":{"line":47,"column":5}},"47":{"start":{"line":48,"column":0},"end":{"line":48,"column":3}},"48":{"start":{"line":49,"column":0},"end":{"line":49,"column":0}},"49":{"start":{"line":50,"column":0},"end":{"line":50,"column":37}},"50":{"start":{"line":51,"column":0},"end":{"line":51,"column":30}},"51":{"start":{"line":52,"column":0},"end":{"line":52,"column":47}},"52":{"start":{"line":53,"column":0},"end":{"line":53,"column":70}},"53":{"start":{"line":54,"column":0},"end":{"line":54,"column":0}},"54":{"start":{"line":55,"column":0},"end":{"line":55,"column":9}},"55":{"start":{"line":56,"column":0},"end":{"line":56,"column":37}},"56":{"start":{"line":57,"column":0},"end":{"line":57,"column":27}},"57":{"start":{"line":58,"column":0},"end":{"line":58,"column":14}},"58":{"start":{"line":59,"column":0},"end":{"line":59,"column":22}},"59":{"start":{"line":60,"column":0},"end":{"line":60,"column":7}},"60":{"start":{"line":61,"column":0},"end":{"line":61,"column":21}},"61":{"start":{"line":62,"column":0},"end":{"line":62,"column":51}},"62":{"start":{"line":63,"column":0},"end":{"line":63,"column":5}},"63":{"start":{"line":64,"column":0},"end":{"line":64,"column":3}},"64":{"start":{"line":65,"column":0},"end":{"line":65,"column":0}},"65":{"start":{"line":66,"column":0},"end":{"line":66,"column":42}},"66":{"start":{"line":67,"column":0},"end":{"line":67,"column":30}},"67":{"start":{"line":68,"column":0},"end":{"line":68,"column":47}},"68":{"start":{"line":69,"column":0},"end":{"line":69,"column":70}},"69":{"start":{"line":70,"column":0},"end":{"line":70,"column":9}},"70":{"start":{"line":71,"column":0},"end":{"line":71,"column":50}},"71":{"start":{"line":72,"column":0},"end":{"line":72,"column":27}},"72":{"start":{"line":73,"column":0},"end":{"line":73,"column":14}},"73":{"start":{"line":74,"column":0},"end":{"line":74,"column":22}},"74":{"start":{"line":75,"column":0},"end":{"line":75,"column":7}},"75":{"start":{"line":76,"column":0},"end":{"line":76,"column":21}},"76":{"start":{"line":77,"column":0},"end":{"line":77,"column":51}},"77":{"start":{"line":78,"column":0},"end":{"line":78,"column":5}},"78":{"start":{"line":79,"column":0},"end":{"line":79,"column":3}},"79":{"start":{"line":80,"column":0},"end":{"line":80,"column":0}},"80":{"start":{"line":81,"column":0},"end":{"line":81,"column":37}},"81":{"start":{"line":82,"column":0},"end":{"line":82,"column":30}},"82":{"start":{"line":83,"column":0},"end":{"line":83,"column":47}},"83":{"start":{"line":84,"column":0},"end":{"line":84,"column":70}},"84":{"start":{"line":85,"column":0},"end":{"line":85,"column":9}},"85":{"start":{"line":86,"column":0},"end":{"line":86,"column":30}},"86":{"start":{"line":87,"column":0},"end":{"line":87,"column":14}},"87":{"start":{"line":88,"column":0},"end":{"line":88,"column":22}},"88":{"start":{"line":89,"column":0},"end":{"line":89,"column":7}},"89":{"start":{"line":90,"column":0},"end":{"line":90,"column":21}},"90":{"start":{"line":91,"column":0},"end":{"line":91,"column":51}},"91":{"start":{"line":92,"column":0},"end":{"line":92,"column":5}},"92":{"start":{"line":93,"column":0},"end":{"line":93,"column":3}},"93":{"start":{"line":94,"column":0},"end":{"line":94,"column":0}},"94":{"start":{"line":95,"column":0},"end":{"line":95,"column":1}}},"s":{"0":1,"1":1,"2":1,"3":1,"4":1,"5":1,"6":1,"7":1,"8":1,"9":3,"10":3,"11":2,"12":2,"13":2,"14":2,"15":3,"16":1,"17":1,"18":3,"19":1,"20":1,"21":1,"22":1,"23":1,"24":1,"25":1,"26":1,"27":1,"28":1,"29":1,"30":1,"31":0,"32":0,"33":1,"34":1,"35":1,"36":2,"37":2,"38":2,"39":2,"40":1,"41":1,"42":1,"43":1,"44":1,"45":0,"46":0,"47":2,"48":1,"49":1,"50":2,"51":2,"52":2,"53":1,"54":1,"55":1,"56":1,"57":1,"58":1,"59":1,"60":2,"61":0,"62":0,"63":2,"64":1,"65":1,"66":2,"67":2,"68":2,"69":1,"70":1,"71":1,"72":1,"73":1,"74":1,"75":2,"76":0,"77":0,"78":2,"79":1,"80":1,"81":2,"82":2,"83":2,"84":1,"85":1,"86":1,"87":1,"88":1,"89":2,"90":0,"91":0,"92":2,"93":1,"94":1},"branchMap":{"0":{"type":"branch","line":7,"loc":{"start":{"line":7,"column":2},"end":{"line":7,"column":18}},"locations":[{"start":{"line":7,"column":2},"end":{"line":7,"column":18}}]},"1":{"type":"branch","line":9,"loc":{"start":{"line":9,"column":8},"end":{"line":19,"column":3}},"locations":[{"start":{"line":9,"column":8},"end":{"line":19,"column":3}}]},"2":{"type":"branch","line":12,"loc":{"start":{"line":12,"column":-1},"end":{"line":16,"column":13}},"locations":[{"start":{"line":12,"column":-1},"end":{"line":16,"column":13}}]},"3":{"type":"branch","line":16,"loc":{"start":{"line":16,"column":6},"end":{"line":18,"column":5}},"locations":[{"start":{"line":16,"column":6},"end":{"line":18,"column":5}}]},"4":{"type":"branch","line":21,"loc":{"start":{"line":21,"column":8},"end":{"line":34,"column":3}},"locations":[{"start":{"line":21,"column":8},"end":{"line":34,"column":3}}]},"5":{"type":"branch","line":31,"loc":{"start":{"line":31,"column":6},"end":{"line":33,"column":5}},"locations":[{"start":{"line":31,"column":6},"end":{"line":33,"column":5}}]},"6":{"type":"branch","line":36,"loc":{"start":{"line":36,"column":8},"end":{"line":48,"column":3}},"locations":[{"start":{"line":36,"column":8},"end":{"line":48,"column":3}}]},"7":{"type":"branch","line":40,"loc":{"start":{"line":40,"column":20},"end":{"line":47,"column":5}},"locations":[{"start":{"line":40,"column":20},"end":{"line":47,"column":5}}]},"8":{"type":"branch","line":46,"loc":{"start":{"line":46,"column":-1},"end":{"line":47,"column":5}},"locations":[{"start":{"line":46,"column":-1},"end":{"line":47,"column":5}}]},"9":{"type":"branch","line":50,"loc":{"start":{"line":50,"column":8},"end":{"line":64,"column":3}},"locations":[{"start":{"line":50,"column":8},"end":{"line":64,"column":3}}]},"10":{"type":"branch","line":53,"loc":{"start":{"line":53,"column":18},"end":{"line":61,"column":13}},"locations":[{"start":{"line":53,"column":18},"end":{"line":61,"column":13}}]},"11":{"type":"branch","line":61,"loc":{"start":{"line":61,"column":6},"end":{"line":63,"column":5}},"locations":[{"start":{"line":61,"column":6},"end":{"line":63,"column":5}}]},"12":{"type":"branch","line":66,"loc":{"start":{"line":66,"column":8},"end":{"line":79,"column":3}},"locations":[{"start":{"line":66,"column":8},"end":{"line":79,"column":3}}]},"13":{"type":"branch","line":69,"loc":{"start":{"line":69,"column":18},"end":{"line":76,"column":13}},"locations":[{"start":{"line":69,"column":18},"end":{"line":76,"column":13}}]},"14":{"type":"branch","line":76,"loc":{"start":{"line":76,"column":6},"end":{"line":78,"column":5}},"locations":[{"start":{"line":76,"column":6},"end":{"line":78,"column":5}}]},"15":{"type":"branch","line":81,"loc":{"start":{"line":81,"column":8},"end":{"line":93,"column":3}},"locations":[{"start":{"line":81,"column":8},"end":{"line":93,"column":3}}]},"16":{"type":"branch","line":84,"loc":{"start":{"line":84,"column":18},"end":{"line":90,"column":13}},"locations":[{"start":{"line":84,"column":18},"end":{"line":90,"column":13}}]},"17":{"type":"branch","line":90,"loc":{"start":{"line":90,"column":6},"end":{"line":92,"column":5}},"locations":[{"start":{"line":90,"column":6},"end":{"line":92,"column":5}}]}},"b":{"0":[2],"1":[3],"2":[2],"3":[1],"4":[1],"5":[0],"6":[2],"7":[1],"8":[0],"9":[2],"10":[1],"11":[0],"12":[2],"13":[1],"14":[0],"15":[2],"16":[1],"17":[0]},"fnMap":{"0":{"name":"ProductService","decl":{"start":{"line":7,"column":2},"end":{"line":7,"column":18}},"loc":{"start":{"line":7,"column":2},"end":{"line":7,"column":18}},"line":7},"1":{"name":"createProduct","decl":{"start":{"line":9,"column":8},"end":{"line":19,"column":3}},"loc":{"start":{"line":9,"column":8},"end":{"line":19,"column":3}},"line":9},"2":{"name":"getProducts","decl":{"start":{"line":21,"column":8},"end":{"line":34,"column":3}},"loc":{"start":{"line":21,"column":8},"end":{"line":34,"column":3}},"line":21},"3":{"name":"getProductById","decl":{"start":{"line":36,"column":8},"end":{"line":48,"column":3}},"loc":{"start":{"line":36,"column":8},"end":{"line":48,"column":3}},"line":36},"4":{"name":"updateProduct","decl":{"start":{"line":50,"column":8},"end":{"line":64,"column":3}},"loc":{"start":{"line":50,"column":8},"end":{"line":64,"column":3}},"line":50},"5":{"name":"updateAvailability","decl":{"start":{"line":66,"column":8},"end":{"line":79,"column":3}},"loc":{"start":{"line":66,"column":8},"end":{"line":79,"column":3}},"line":66},"6":{"name":"deleteProduct","decl":{"start":{"line":81,"column":8},"end":{"line":93,"column":3}},"loc":{"start":{"line":81,"column":8},"end":{"line":93,"column":3}},"line":81}},"f":{"0":2,"1":3,"2":1,"3":2,"4":2,"5":2,"6":2}}
,"/Users/ivanvasquez/Desktop/React/React Projects/PERN-ADMINISTRAR-PRODUCTOS/PERN_BACKEND/tests/test-server.ts": {"path":"/Users/ivanvasquez/Desktop/React/React Projects/PERN-ADMINISTRAR-PRODUCTOS/PERN_BACKEND/tests/test-server.ts","all":false,"statementMap":{"0":{"start":{"line":1,"column":0},"end":{"line":1,"column":42}},"1":{"start":{"line":2,"column":0},"end":{"line":2,"column":55}},"2":{"start":{"line":3,"column":0},"end":{"line":3,"column":52}},"3":{"start":{"line":4,"column":0},"end":{"line":4,"column":0}},"4":{"start":{"line":5,"column":0},"end":{"line":5,"column":37}},"5":{"start":{"line":6,"column":0},"end":{"line":6,"column":14}},"6":{"start":{"line":7,"column":0},"end":{"line":7,"column":20}},"7":{"start":{"line":8,"column":0},"end":{"line":8,"column":1}}},"s":{"0":1,"1":1,"2":1,"3":1,"4":1,"5":1,"6":1,"7":1},"branchMap":{},"b":{},"fnMap":{},"f":{}}
}
