TN:
SF:src/config/envs.ts
FNF:0
FNH:0
DA:1,1
DA:2,1
DA:3,1
DA:4,1
DA:5,1
DA:6,1
DA:7,1
LF:7
LH:7
BRF:0
BRH:0
end_of_record
TN:
SF:src/data/postgres/init.ts
FN:5,DatabaseConnection
FN:8,connect
FN:22,close
FNF:3
FNH:3
FNDA:1,DatabaseConnection
FNDA:1,connect
FNDA:1,close
DA:1,1
DA:2,1
DA:3,1
DA:4,1
DA:5,1
DA:6,1
DA:7,1
DA:8,1
DA:9,1
DA:10,1
DA:11,1
DA:12,1
DA:13,1
DA:14,1
DA:15,1
DA:16,1
DA:17,1
DA:18,0
DA:19,0
DA:20,0
DA:21,1
DA:22,1
DA:23,1
DA:24,1
DA:25,1
LF:25
LH:22
BRDA:5,0,0,1
BRDA:8,1,0,1
BRDA:17,2,0,0
BRDA:22,3,0,1
BRF:4
BRH:3
end_of_record
TN:
SF:src/presentation/products/controller.ts
FN:8,ProductsController
FN:12,ProductsController.handleError
FN:21,ProductsController.getProducts
FN:27,ProductsController.createProduct
FN:33,ProductsController.getProductById
FN:39,ProductsController.updateProduct
FN:45,ProductsController.updateAvailability
FN:51,ProductsController.deleteProduct
FNF:8
FNH:6
FNDA:2,ProductsController
FNDA:2,ProductsController.handleError
FNDA:1,ProductsController.getProducts
FNDA:2,ProductsController.createProduct
FNDA:2,ProductsController.getProductById
FNDA:2,ProductsController.updateProduct
FNDA:0,ProductsController.updateAvailability
FNDA:0,ProductsController.deleteProduct
DA:1,1
DA:2,1
DA:3,1
DA:4,1
DA:5,1
DA:6,1
DA:7,1
DA:8,1
DA:9,2
DA:10,2
DA:11,1
DA:12,1
DA:13,2
DA:14,2
DA:15,2
DA:16,2
DA:17,0
DA:18,0
DA:19,0
DA:20,1
DA:21,1
DA:22,1
DA:23,1
DA:24,1
DA:25,1
DA:26,1
DA:27,1
DA:28,2
DA:29,2
DA:30,2
DA:31,2
DA:32,1
DA:33,1
DA:34,2
DA:35,2
DA:36,2
DA:37,2
DA:38,1
DA:39,1
DA:40,2
DA:41,2
DA:42,2
DA:43,2
DA:44,1
DA:45,1
DA:46,0
DA:47,0
DA:48,0
DA:49,0
DA:50,1
DA:51,1
DA:52,0
DA:53,0
DA:54,0
DA:55,0
DA:56,1
LF:56
LH:45
BRDA:8,0,0,2
BRDA:12,1,0,2
BRDA:14,2,0,0
BRDA:17,3,0,0
BRDA:21,4,0,1
BRDA:23,5,0,1
BRDA:27,6,0,2
BRDA:29,7,0,2
BRDA:33,8,0,2
BRDA:35,9,0,1
BRDA:36,10,0,1
BRDA:39,11,0,2
BRDA:41,12,0,1
BRDA:42,13,0,1
BRF:14
BRH:12
end_of_record
TN:
SF:tests/test-server.ts
FNF:0
FNH:0
DA:1,1
DA:2,1
DA:3,1
DA:4,1
DA:5,1
DA:6,1
DA:7,1
DA:8,1
LF:8
LH:8
BRF:0
BRH:0
end_of_record
